2017-06-21 15:17:24,747 - ResourceCache: initialized (class org.apache.velocity.runtime.resource.ResourceCacheImpl) with class java.util.Collections$SynchronizedMap cache map.
2017-06-21 15:17:24,748 - Loaded System Directive: org.apache.velocity.runtime.directive.Define
2017-06-21 15:17:24,749 - Loaded System Directive: org.apache.velocity.runtime.directive.Break
2017-06-21 15:17:24,750 - Loaded System Directive: org.apache.velocity.runtime.directive.Evaluate
2017-06-21 15:17:24,750 - Loaded System Directive: org.apache.velocity.runtime.directive.Literal
2017-06-21 15:17:24,751 - Loaded System Directive: org.apache.velocity.runtime.directive.Macro
2017-06-21 15:17:24,752 - Loaded System Directive: org.apache.velocity.runtime.directive.Parse
2017-06-21 15:17:24,753 - Loaded System Directive: org.apache.velocity.runtime.directive.Include
2017-06-21 15:17:24,754 - Loaded System Directive: org.apache.velocity.runtime.directive.Foreach
2017-06-21 15:17:24,770 - Created '20' parsers.
2017-06-21 15:17:24,774 - Velocimacro : "velocimacro.library" is not set.  Trying default library: VM_global_library.vm
2017-06-21 15:17:24,775 - Could not load resource 'VM_global_library.vm' from ResourceLoader org.apache.velocity.runtime.resource.loader.ClasspathResourceLoader: 
org.apache.velocity.exception.ResourceNotFoundException: ClasspathResourceLoader Error: cannot find resource VM_global_library.vm
	at org.apache.velocity.runtime.resource.loader.ClasspathResourceLoader.getResourceStream(ClasspathResourceLoader.java:131)
	at org.apache.velocity.runtime.resource.loader.ResourceLoader.resourceExists(ResourceLoader.java:224)
	at org.apache.velocity.runtime.resource.ResourceManagerImpl.getLoaderForResource(ResourceManagerImpl.java:641)
	at org.apache.velocity.runtime.resource.ResourceManagerImpl.getLoaderNameForResource(ResourceManagerImpl.java:624)
	at org.apache.velocity.runtime.RuntimeInstance.getLoaderNameForResource(RuntimeInstance.java:1464)
	at org.apache.velocity.runtime.VelocimacroFactory.initVelocimacro(VelocimacroFactory.java:159)
	at org.apache.velocity.runtime.RuntimeInstance.init(RuntimeInstance.java:261)
	at org.apache.velocity.runtime.RuntimeInstance.init(RuntimeInstance.java:589)
	at org.apache.velocity.app.VelocityEngine.<init>(VelocityEngine.java:96)
	at tool.CodeGenerator.genDaoAndManager(CodeGenerator.java:74)
	at tool.CodeGenerator.main(CodeGenerator.java:58)
2017-06-21 15:17:24,775 - Velocimacro : Default library not found.
2017-06-21 15:17:24,775 - Velocimacro : allowInline = true : VMs can be defined inline in templates
2017-06-21 15:17:24,776 - Velocimacro : allowInlineToOverride = false : VMs defined inline may NOT replace previous VM definitions
2017-06-21 15:17:24,776 - Velocimacro : allowInlineLocal = false : VMs defined inline will be global in scope if allowed.
2017-06-21 15:17:24,776 - Velocimacro : autoload off : VM system will not automatically reload global library macros
2017-06-21 15:17:24,785 - ResourceManager : found daoImpl.vm with loader org.apache.velocity.runtime.resource.loader.ClasspathResourceLoader
2017-06-21 15:17:24,786 - ResourceManager : found daoIntf.vm with loader org.apache.velocity.runtime.resource.loader.ClasspathResourceLoader
2017-06-21 15:17:24,787 - ResourceManager : found managerImpl.vm with loader org.apache.velocity.runtime.resource.loader.ClasspathResourceLoader
2017-06-21 15:17:24,787 - ResourceManager : found managerIntf.vm with loader org.apache.velocity.runtime.resource.loader.ClasspathResourceLoader
2017-06-21 15:18:16,196 - Log4JLogChute initialized using file 'velocity.log'
2017-06-21 15:18:16,196 - Starting Apache Velocity v1.6.2 (compiled: 2009-02-19 16:29:46)
2017-06-21 15:18:16,196 - Default Properties File: org\apache\velocity\runtime\defaults\velocity.properties
2017-06-21 15:18:16,197 - Trying to use logger class org.apache.velocity.runtime.log.AvalonLogChute
2017-06-21 15:18:16,197 - Target log system for org.apache.velocity.runtime.log.AvalonLogChute is not available (java.lang.NoClassDefFoundError: org/apache/log/format/Formatter).  Falling back to next log system...
2017-06-21 15:18:16,197 - Trying to use logger class org.apache.velocity.runtime.log.Log4JLogChute
2017-06-21 15:18:16,197 - Using logger class org.apache.velocity.runtime.log.Log4JLogChute
2017-06-21 15:18:16,200 - ResourceLoader instantiated: org.apache.velocity.runtime.resource.loader.ClasspathResourceLoader
2017-06-21 15:18:16,206 - ResourceCache: initialized (class org.apache.velocity.runtime.resource.ResourceCacheImpl) with class java.util.Collections$SynchronizedMap cache map.
2017-06-21 15:18:16,207 - Loaded System Directive: org.apache.velocity.runtime.directive.Define
2017-06-21 15:18:16,208 - Loaded System Directive: org.apache.velocity.runtime.directive.Break
2017-06-21 15:18:16,208 - Loaded System Directive: org.apache.velocity.runtime.directive.Evaluate
2017-06-21 15:18:16,209 - Loaded System Directive: org.apache.velocity.runtime.directive.Literal
2017-06-21 15:18:16,210 - Loaded System Directive: org.apache.velocity.runtime.directive.Macro
2017-06-21 15:18:16,211 - Loaded System Directive: org.apache.velocity.runtime.directive.Parse
2017-06-21 15:18:16,212 - Loaded System Directive: org.apache.velocity.runtime.directive.Include
2017-06-21 15:18:16,213 - Loaded System Directive: org.apache.velocity.runtime.directive.Foreach
2017-06-21 15:18:16,231 - Created '20' parsers.
2017-06-21 15:18:16,237 - Velocimacro : "velocimacro.library" is not set.  Trying default library: VM_global_library.vm
2017-06-21 15:18:16,238 - Could not load resource 'VM_global_library.vm' from ResourceLoader org.apache.velocity.runtime.resource.loader.ClasspathResourceLoader: 
org.apache.velocity.exception.ResourceNotFoundException: ClasspathResourceLoader Error: cannot find resource VM_global_library.vm
	at org.apache.velocity.runtime.resource.loader.ClasspathResourceLoader.getResourceStream(ClasspathResourceLoader.java:131)
	at org.apache.velocity.runtime.resource.loader.ResourceLoader.resourceExists(ResourceLoader.java:224)
	at org.apache.velocity.runtime.resource.ResourceManagerImpl.getLoaderForResource(ResourceManagerImpl.java:641)
	at org.apache.velocity.runtime.resource.ResourceManagerImpl.getLoaderNameForResource(ResourceManagerImpl.java:624)
	at org.apache.velocity.runtime.RuntimeInstance.getLoaderNameForResource(RuntimeInstance.java:1464)
	at org.apache.velocity.runtime.VelocimacroFactory.initVelocimacro(VelocimacroFactory.java:159)
	at org.apache.velocity.runtime.RuntimeInstance.init(RuntimeInstance.java:261)
	at org.apache.velocity.runtime.RuntimeInstance.init(RuntimeInstance.java:589)
	at org.apache.velocity.app.VelocityEngine.<init>(VelocityEngine.java:96)
	at tool.CodeGenerator.genDaoAndManager(CodeGenerator.java:74)
	at tool.CodeGenerator.main(CodeGenerator.java:58)
2017-06-21 15:18:16,239 - Velocimacro : Default library not found.
2017-06-21 15:18:16,239 - Velocimacro : allowInline = true : VMs can be defined inline in templates
2017-06-21 15:18:16,239 - Velocimacro : allowInlineToOverride = false : VMs defined inline may NOT replace previous VM definitions
2017-06-21 15:18:16,239 - Velocimacro : allowInlineLocal = false : VMs defined inline will be global in scope if allowed.
2017-06-21 15:18:16,239 - Velocimacro : autoload off : VM system will not automatically reload global library macros
2017-06-21 15:18:16,249 - ResourceManager : found daoImpl.vm with loader org.apache.velocity.runtime.resource.loader.ClasspathResourceLoader
2017-06-21 15:18:16,251 - ResourceManager : found daoIntf.vm with loader org.apache.velocity.runtime.resource.loader.ClasspathResourceLoader
2017-06-21 15:18:16,252 - ResourceManager : found managerImpl.vm with loader org.apache.velocity.runtime.resource.loader.ClasspathResourceLoader
2017-06-21 15:18:16,253 - ResourceManager : found managerIntf.vm with loader org.apache.velocity.runtime.resource.loader.ClasspathResourceLoader
